2020-12-11 09:28:59.170 [INFO ] com.it_cous.service.PISManager          [initMaster : 51] | -----PIS master info loading----- 
2020-12-11 09:28:59.299 [INFO ] c.i.n.n.b.ClientBootstrapFactory        [createBootstrap : 105] |  >>> Start Create BootStrap... 
2020-12-11 09:28:59.353 [INFO ] c.i.n.n.b.ClientBootstrapFactory        [createBootstrap : 119] |  >>> Done Create BootStrap... 
2020-12-11 09:28:59.362 [INFO ] com.it_cous.service.PISManager          [initMaster : 92] | -----PIS master info loading complete----- 
2020-12-11 09:29:57.861 [INFO ] com.it_cous.service.PISManager          [initMaster : 51] | -----PIS master info loading----- 
2020-12-11 09:29:57.930 [INFO ] c.i.n.n.b.ClientBootstrapFactory        [createBootstrap : 105] |  >>> Start Create BootStrap... 
2020-12-11 09:29:57.937 [INFO ] c.i.n.n.b.ClientBootstrapFactory        [createBootstrap : 119] |  >>> Done Create BootStrap... 
2020-12-11 09:29:57.946 [INFO ] com.it_cous.service.PISManager          [initMaster : 92] | -----PIS master info loading complete----- 
2020-12-11 09:30:30.211 [INFO ] com.it_cous.service.PISManager          [initMaster : 51] | -----PIS master info loading----- 
2020-12-11 09:30:30.279 [INFO ] c.i.n.n.b.ClientBootstrapFactory        [createBootstrap : 105] |  >>> Start Create BootStrap... 
2020-12-11 09:30:30.285 [INFO ] c.i.n.n.b.ClientBootstrapFactory        [createBootstrap : 119] |  >>> Done Create BootStrap... 
2020-12-11 09:30:30.295 [INFO ] com.it_cous.service.PISManager          [initMaster : 92] | -----PIS master info loading complete----- 
2020-12-11 09:32:13.943 [INFO ] com.it_cous.service.PISManager          [initMaster : 51] | -----PIS master info loading----- 
2020-12-11 09:32:14.010 [INFO ] c.i.n.n.b.ClientBootstrapFactory        [createBootstrap : 105] |  >>> Start Create BootStrap... 
2020-12-11 09:32:14.018 [INFO ] c.i.n.n.b.ClientBootstrapFactory        [createBootstrap : 119] |  >>> Done Create BootStrap... 
2020-12-11 09:32:14.026 [INFO ] com.it_cous.service.PISManager          [initMaster : 92] | -----PIS master info loading complete----- 
2020-12-11 09:37:35.132 [INFO ] com.it_cous.service.PISManager          [initMaster : 51] | -----PIS master info loading----- 
2020-12-11 09:37:35.200 [INFO ] c.i.n.n.b.ClientBootstrapFactory        [createBootstrap : 105] |  >>> Start Create BootStrap... 
2020-12-11 09:37:35.207 [INFO ] c.i.n.n.b.ClientBootstrapFactory        [createBootstrap : 119] |  >>> Done Create BootStrap... 
2020-12-11 09:37:35.817 [INFO ] com.it_cous.service.PISManager          [initMaster : 92] | -----PIS master info loading complete----- 
2020-12-11 09:37:35.829 [INFO ] com.it_cous.handler.OPIdleStateHandler  [close : 91] | UserIdleStateHandler : ChannelClosed - Channel #158694798 : null 
2020-12-11 09:37:58.821 [INFO ] com.it_cous.service.PISManager          [initMaster : 51] | -----PIS master info loading----- 
2020-12-11 09:37:58.885 [INFO ] c.i.n.n.b.ClientBootstrapFactory        [createBootstrap : 105] |  >>> Start Create BootStrap... 
2020-12-11 09:37:58.892 [INFO ] c.i.n.n.b.ClientBootstrapFactory        [createBootstrap : 119] |  >>> Done Create BootStrap... 
2020-12-11 09:37:58.907 [INFO ] com.it_cous.service.PISManager          [initMaster : 92] | -----PIS master info loading complete----- 
2020-12-11 09:38:16.212 [INFO ] com.it_cous.service.PISManager          [initMaster : 51] | -----PIS master info loading----- 
2020-12-11 09:38:16.281 [INFO ] c.i.n.n.b.ClientBootstrapFactory        [createBootstrap : 105] |  >>> Start Create BootStrap... 
2020-12-11 09:38:16.288 [INFO ] c.i.n.n.b.ClientBootstrapFactory        [createBootstrap : 119] |  >>> Done Create BootStrap... 
2020-12-11 09:38:16.303 [INFO ] com.it_cous.service.PISManager          [initMaster : 92] | -----PIS master info loading complete----- 
2020-12-11 09:38:42.816 [INFO ] com.it_cous.service.PISManager          [initMaster : 51] | -----PIS master info loading----- 
2020-12-11 09:38:42.883 [INFO ] c.i.n.n.b.ClientBootstrapFactory        [createBootstrap : 105] |  >>> Start Create BootStrap... 
2020-12-11 09:38:42.890 [INFO ] c.i.n.n.b.ClientBootstrapFactory        [createBootstrap : 119] |  >>> Done Create BootStrap... 
2020-12-11 09:38:43.506 [INFO ] com.it_cous.service.PISManager          [initMaster : 92] | -----PIS master info loading complete----- 
2020-12-11 09:38:43.517 [INFO ] com.it_cous.handler.OPIdleStateHandler  [close : 91] | UserIdleStateHandler : ChannelClosed - Channel #-202427012 : null 
2020-12-11 09:40:34.986 [INFO ] com.it_cous.service.PISManager          [initMaster : 51] | -----PIS master info loading----- 
2020-12-11 09:40:35.054 [INFO ] c.i.n.n.b.ClientBootstrapFactory        [createBootstrap : 105] |  >>> Start Create BootStrap... 
2020-12-11 09:40:35.061 [INFO ] c.i.n.n.b.ClientBootstrapFactory        [createBootstrap : 119] |  >>> Done Create BootStrap... 
2020-12-11 09:40:35.677 [INFO ] com.it_cous.service.PISManager          [initMaster : 92] | -----PIS master info loading complete----- 
2020-12-11 09:42:02.374 [INFO ] com.it_cous.service.PISManager          [initMaster : 51] | -----PIS master info loading----- 
2020-12-11 09:42:02.440 [INFO ] c.i.n.n.b.ClientBootstrapFactory        [createBootstrap : 105] |  >>> Start Create BootStrap... 
2020-12-11 09:42:02.448 [INFO ] c.i.n.n.b.ClientBootstrapFactory        [createBootstrap : 119] |  >>> Done Create BootStrap... 
2020-12-11 09:42:03.069 [INFO ] com.it_cous.service.PISManager          [initMaster : 92] | -----PIS master info loading complete----- 
2020-12-11 10:14:00.531 [INFO ] com.it_cous.service.PISManager          [initMaster : 51] | -----PIS master info loading----- 
2020-12-11 10:14:00.601 [INFO ] c.i.n.n.b.ClientBootstrapFactory        [createBootstrap : 105] |  >>> Start Create BootStrap... 
2020-12-11 10:14:00.608 [INFO ] c.i.n.n.b.ClientBootstrapFactory        [createBootstrap : 119] |  >>> Done Create BootStrap... 
2020-12-11 10:14:01.367 [INFO ] com.it_cous.service.PISManager          [initMaster : 92] | -----PIS master info loading complete----- 
2020-12-11 10:14:32.690 [INFO ] com.it_cous.service.PISManager          [initMaster : 51] | -----PIS master info loading----- 
2020-12-11 10:14:32.756 [INFO ] c.i.n.n.b.ClientBootstrapFactory        [createBootstrap : 105] |  >>> Start Create BootStrap... 
2020-12-11 10:14:32.763 [INFO ] c.i.n.n.b.ClientBootstrapFactory        [createBootstrap : 119] |  >>> Done Create BootStrap... 
2020-12-11 10:14:33.535 [INFO ] com.it_cous.service.PISManager          [initMaster : 92] | -----PIS master info loading complete----- 
2020-12-11 10:15:05.750 [INFO ] com.it_cous.service.PISManager          [initMaster : 51] | -----PIS master info loading----- 
2020-12-11 10:15:05.816 [INFO ] c.i.n.n.b.ClientBootstrapFactory        [createBootstrap : 105] |  >>> Start Create BootStrap... 
2020-12-11 10:15:05.823 [INFO ] c.i.n.n.b.ClientBootstrapFactory        [createBootstrap : 119] |  >>> Done Create BootStrap... 
2020-12-11 10:15:06.581 [INFO ] com.it_cous.service.PISManager          [initMaster : 92] | -----PIS master info loading complete----- 
2020-12-11 10:16:33.864 [INFO ] com.it_cous.service.PISManager          [initMaster : 51] | -----PIS master info loading----- 
2020-12-11 10:16:33.931 [INFO ] c.i.n.n.b.ClientBootstrapFactory        [createBootstrap : 105] |  >>> Start Create BootStrap... 
2020-12-11 10:16:33.937 [INFO ] c.i.n.n.b.ClientBootstrapFactory        [createBootstrap : 119] |  >>> Done Create BootStrap... 
2020-12-11 10:16:34.687 [INFO ] com.it_cous.service.PISManager          [initMaster : 92] | -----PIS master info loading complete----- 
2020-12-11 10:16:51.457 [INFO ] com.it_cous.service.PISManager          [initMaster : 51] | -----PIS master info loading----- 
2020-12-11 10:16:51.524 [INFO ] c.i.n.n.b.ClientBootstrapFactory        [createBootstrap : 105] |  >>> Start Create BootStrap... 
2020-12-11 10:16:51.531 [INFO ] c.i.n.n.b.ClientBootstrapFactory        [createBootstrap : 119] |  >>> Done Create BootStrap... 
2020-12-11 10:16:52.298 [INFO ] com.it_cous.service.PISManager          [initMaster : 92] | -----PIS master info loading complete----- 
2020-12-11 10:17:35.015 [INFO ] com.it_cous.service.PISManager          [initMaster : 51] | -----PIS master info loading----- 
2020-12-11 10:17:35.083 [INFO ] c.i.n.n.b.ClientBootstrapFactory        [createBootstrap : 105] |  >>> Start Create BootStrap... 
2020-12-11 10:17:35.090 [INFO ] c.i.n.n.b.ClientBootstrapFactory        [createBootstrap : 119] |  >>> Done Create BootStrap... 
2020-12-11 10:17:35.105 [INFO ] com.it_cous.service.PISManager          [initMaster : 92] | -----PIS master info loading complete----- 
2020-12-11 10:17:45.786 [INFO ] com.it_cous.service.PISManager          [initMaster : 51] | -----PIS master info loading----- 
2020-12-11 10:17:45.863 [INFO ] c.i.n.n.b.ClientBootstrapFactory        [createBootstrap : 105] |  >>> Start Create BootStrap... 
2020-12-11 10:17:45.870 [INFO ] c.i.n.n.b.ClientBootstrapFactory        [createBootstrap : 119] |  >>> Done Create BootStrap... 
2020-12-11 10:17:45.886 [INFO ] com.it_cous.service.PISManager          [initMaster : 92] | -----PIS master info loading complete----- 
2020-12-11 14:16:59.413 [INFO ] com.it_cous.service.PISManager          [initMaster : 51] | -----PIS master info loading----- 
2020-12-11 14:16:59.502 [INFO ] c.i.n.n.b.ClientBootstrapFactory        [createBootstrap : 105] |  >>> Start Create BootStrap... 
2020-12-11 14:16:59.510 [INFO ] c.i.n.n.b.ClientBootstrapFactory        [createBootstrap : 119] |  >>> Done Create BootStrap... 
2020-12-11 14:16:59.527 [INFO ] com.it_cous.service.PISManager          [initMaster : 92] | -----PIS master info loading complete----- 
2020-12-11 14:17:20.208 [INFO ] com.it_cous.service.PISManager          [initMaster : 51] | -----PIS master info loading----- 
2020-12-11 14:17:20.277 [INFO ] c.i.n.n.b.ClientBootstrapFactory        [createBootstrap : 105] |  >>> Start Create BootStrap... 
2020-12-11 14:17:20.284 [INFO ] c.i.n.n.b.ClientBootstrapFactory        [createBootstrap : 119] |  >>> Done Create BootStrap... 
2020-12-11 14:17:20.301 [INFO ] com.it_cous.service.PISManager          [initMaster : 92] | -----PIS master info loading complete----- 
2020-12-11 14:17:24.757 [INFO ] com.it_cous.service.PISManager          [initMaster : 51] | -----PIS master info loading----- 
2020-12-11 14:17:24.827 [INFO ] c.i.n.n.b.ClientBootstrapFactory        [createBootstrap : 105] |  >>> Start Create BootStrap... 
2020-12-11 14:17:24.834 [INFO ] c.i.n.n.b.ClientBootstrapFactory        [createBootstrap : 119] |  >>> Done Create BootStrap... 
2020-12-11 14:17:24.851 [INFO ] com.it_cous.service.PISManager          [initMaster : 92] | -----PIS master info loading complete----- 
2020-12-11 14:19:34.923 [INFO ] com.it_cous.service.PISManager          [initMaster : 51] | -----PIS master info loading----- 
2020-12-11 14:19:34.993 [INFO ] c.i.n.n.b.ClientBootstrapFactory        [createBootstrap : 105] |  >>> Start Create BootStrap... 
2020-12-11 14:19:35.000 [INFO ] c.i.n.n.b.ClientBootstrapFactory        [createBootstrap : 119] |  >>> Done Create BootStrap... 
2020-12-11 14:19:35.010 [INFO ] com.it_cous.service.PISManager          [initMaster : 92] | -----PIS master info loading complete----- 
2020-12-11 14:20:40.205 [INFO ] com.it_cous.service.PISManager          [initMaster : 51] | -----PIS master info loading----- 
2020-12-11 14:20:40.275 [INFO ] c.i.n.n.b.ClientBootstrapFactory        [createBootstrap : 105] |  >>> Start Create BootStrap... 
2020-12-11 14:20:40.282 [INFO ] c.i.n.n.b.ClientBootstrapFactory        [createBootstrap : 119] |  >>> Done Create BootStrap... 
2020-12-11 14:20:40.293 [INFO ] com.it_cous.service.PISManager          [initMaster : 93] | -----PIS master info loading complete----- 
2020-12-11 14:21:36.146 [INFO ] com.it_cous.service.PISManager          [initMaster : 51] | -----PIS master info loading----- 
2020-12-11 14:21:36.214 [INFO ] c.i.n.n.b.ClientBootstrapFactory        [createBootstrap : 105] |  >>> Start Create BootStrap... 
2020-12-11 14:21:36.221 [INFO ] c.i.n.n.b.ClientBootstrapFactory        [createBootstrap : 119] |  >>> Done Create BootStrap... 
2020-12-11 14:21:36.231 [INFO ] com.it_cous.service.PISManager          [initMaster : 93] | -----PIS master info loading complete----- 
2020-12-11 14:24:28.371 [INFO ] com.it_cous.service.PISManager          [initMaster : 51] | -----PIS master info loading----- 
2020-12-11 14:24:28.441 [INFO ] c.i.n.n.b.ClientBootstrapFactory        [createBootstrap : 105] |  >>> Start Create BootStrap... 
2020-12-11 14:24:28.449 [INFO ] c.i.n.n.b.ClientBootstrapFactory        [createBootstrap : 119] |  >>> Done Create BootStrap... 
2020-12-11 14:24:28.460 [INFO ] com.it_cous.service.PISManager          [initMaster : 93] | -----PIS master info loading complete----- 
